Build started 10/25/2011 10:49:27 AM.
Project "Z:\Documents\gameapi-cpp\Playtomic\Playtomic\Playtomic.vcxproj" on node 2 (build target(s)).
PrepareForBuild:
  Creating directory "Z:\Documents\gameapi-cpp\Playtomic\DLLRelease\".
InitializeBuildStatus:
  Creating "DLLRelease\Playtomic.unsuccessfulbuild" because "AlwaysCreate" was specified.
ClCompile:
  C:\Program Files (x86)\Microsoft Visual Studio 10.0\VC\bin\CL.exe /c /I"Z:\Documents\gameapi-cpp\Playtomic\/currlib/include" /I"Z:\Documents\gameapi-cpp\Playtomic\/Boost" /I"Z:\Documents\gameapi-cpp\Playtomic\\" /Zi /nologo /W3 /WX- /O2 /Oi /Oy- /GL /D CURL_STATICLIB /D CREATE_DLL /D JSON_DLL_BUILD /D _WINDLL /D _MBCS /Gm- /EHsc /MD /GS /Gy /fp:precise /Zc:wchar_t /Zc:forScope /Fo"DLLRelease\\" /Fd"DLLRelease\vc100.pdb" /Gd /TP /analyze- /errorReport:prompt ..\CurlWrap\CConnectionInterface.cpp ..\CurlWrap\CPlaytomicResponse.cpp ..\CurlWrap\CPost.cpp ..\CurlWrap\CRequest.cpp ..\json\src\json_reader.cpp ..\json\src\json_value.cpp ..\json\src\json_writer.cpp ..\Tools\MD5.cpp ..\Tools\StringHelper.cpp ..\Tools\timer.cpp CData.cpp CGameVars.cpp CGeoIp.cpp CLeaderboard.cpp CLevel.cpp CLink.cpp CLog.cpp CLogRequest.cpp CPlayerLevels.cpp CPlaytomic.cpp CScore.cpp
  CConnectionInterface.cpp
z:\documents\gameapi-cpp\playtomic\json\include\reader.h(173): warning C4251: 'Json::Reader::nodes_' : class 'std::stack<_Ty>' needs to have dll-interface to be used by clients of class 'Json::Reader'
          with
          [
              _Ty=Json::Value *
          ]
z:\documents\gameapi-cpp\playtomic\json\include\reader.h(174): warning C4251: 'Json::Reader::errors_' : class 'std::deque<_Ty>' needs to have dll-interface to be used by clients of class 'Json::Reader'
          with
          [
              _Ty=Json::Reader::ErrorInfo
          ]
z:\documents\gameapi-cpp\playtomic\json\include\reader.h(175): warning C4251: 'Json::Reader::document_' : class 'std::basic_string<_Elem,_Traits,_Ax>' needs to have dll-interface to be used by clients of class 'Json::Reader'
          with
          [
              _Elem=char,
              _Traits=std::char_traits<char>,
              _Ax=std::allocator<char>
          ]
z:\documents\gameapi-cpp\playtomic\json\include\reader.h(181): warning C4251: 'Json::Reader::commentsBefore_' : class 'std::basic_string<_Elem,_Traits,_Ax>' needs to have dll-interface to be used by clients of class 'Json::Reader'
          with
          [
              _Elem=char,
              _Traits=std::char_traits<char>,
              _Ax=std::allocator<char>
          ]
z:\documents\gameapi-cpp\playtomic\json\include\writer.h(50): warning C4251: 'Json::FastWriter::document_' : class 'std::basic_string<_Elem,_Traits,_Ax>' needs to have dll-interface to be used by clients of class 'Json::FastWriter'
          with
          [
              _Elem=char,
              _Traits=std::char_traits<char>,
              _Ax=std::allocator<char>
          ]
z:\documents\gameapi-cpp\playtomic\json\include\writer.h(101): warning C4251: 'Json::StyledWriter::childValues_' : class 'std::vector<_Ty>' needs to have dll-interface to be used by clients of class 'Json::StyledWriter'
          with
          [
              _Ty=std::string
          ]
z:\documents\gameapi-cpp\playtomic\json\include\writer.h(102): warning C4251: 'Json::StyledWriter::document_' : class 'std::basic_string<_Elem,_Traits,_Ax>' needs to have dll-interface to be used by clients of class 'Json::StyledWriter'
          with
          [
              _Elem=char,
              _Traits=std::char_traits<char>,
              _Ax=std::allocator<char>
          ]
z:\documents\gameapi-cpp\playtomic\json\include\writer.h(103): warning C4251: 'Json::StyledWriter::indentString_' : class 'std::basic_string<_Elem,_Traits,_Ax>' needs to have dll-interface to be used by clients of class 'Json::StyledWriter'
          with
          [
              _Elem=char,
              _Traits=std::char_traits<char>,
              _Ax=std::allocator<char>
          ]
z:\documents\gameapi-cpp\playtomic\json\include\writer.h(159): warning C4251: 'Json::StyledStreamWriter::childValues_' : class 'std::vector<_Ty>' needs to have dll-interface to be used by clients of class 'Json::StyledStreamWriter'
          with
          [
              _Ty=std::string
          ]
z:\documents\gameapi-cpp\playtomic\json\include\writer.h(161): warning C4251: 'Json::StyledStreamWriter::indentString_' : class 'std::basic_string<_Elem,_Traits,_Ax>' needs to have dll-interface to be used by clients of class 'Json::StyledStreamWriter'
          with
          [
              _Elem=char,
              _Traits=std::char_traits<char>,
              _Ax=std::allocator<char>
          ]
z:\documents\gameapi-cpp\playtomic\json\include\writer.h(163): warning C4251: 'Json::StyledStreamWriter::indentation_' : class 'std::basic_string<_Elem,_Traits,_Ax>' needs to have dll-interface to be used by clients of class 'Json::StyledStreamWriter'
          with
          [
              _Elem=char,
              _Traits=std::char_traits<char>,
              _Ax=std::allocator<char>
          ]
  CPlaytomicResponse.cpp
  CPost.cpp
  CRequest.cpp
  json_reader.cpp
z:\documents\gameapi-cpp\playtomic\json\src\../include/reader.h(173): warning C4251: 'Json::Reader::nodes_' : class 'std::stack<_Ty>' needs to have dll-interface to be used by clients of class 'Json::Reader'
          with
          [
              _Ty=Json::Value *
          ]
z:\documents\gameapi-cpp\playtomic\json\src\../include/reader.h(174): warning C4251: 'Json::Reader::errors_' : class 'std::deque<_Ty>' needs to have dll-interface to be used by clients of class 'Json::Reader'
          with
          [
              _Ty=Json::Reader::ErrorInfo
          ]
z:\documents\gameapi-cpp\playtomic\json\src\../include/reader.h(175): warning C4251: 'Json::Reader::document_' : class 'std::basic_string<_Elem,_Traits,_Ax>' needs to have dll-interface to be used by clients of class 'Json::Reader'
          with
          [
              _Elem=char,
              _Traits=std::char_traits<char>,
              _Ax=std::allocator<char>
          ]
z:\documents\gameapi-cpp\playtomic\json\src\../include/reader.h(181): warning C4251: 'Json::Reader::commentsBefore_' : class 'std::basic_string<_Elem,_Traits,_Ax>' needs to have dll-interface to be used by clients of class 'Json::Reader'
          with
          [
              _Elem=char,
              _Traits=std::char_traits<char>,
              _Ax=std::allocator<char>
          ]
  json_value.cpp
z:\documents\gameapi-cpp\playtomic\json\src\../include/writer.h(50): warning C4251: 'Json::FastWriter::document_' : class 'std::basic_string<_Elem,_Traits,_Ax>' needs to have dll-interface to be used by clients of class 'Json::FastWriter'
          with
          [
              _Elem=char,
              _Traits=std::char_traits<char>,
              _Ax=std::allocator<char>
          ]
z:\documents\gameapi-cpp\playtomic\json\src\../include/writer.h(101): warning C4251: 'Json::StyledWriter::childValues_' : class 'std::vector<_Ty>' needs to have dll-interface to be used by clients of class 'Json::StyledWriter'
          with
          [
              _Ty=std::string
          ]
z:\documents\gameapi-cpp\playtomic\json\src\../include/writer.h(102): warning C4251: 'Json::StyledWriter::document_' : class 'std::basic_string<_Elem,_Traits,_Ax>' needs to have dll-interface to be used by clients of class 'Json::StyledWriter'
          with
          [
              _Elem=char,
              _Traits=std::char_traits<char>,
              _Ax=std::allocator<char>
          ]
z:\documents\gameapi-cpp\playtomic\json\src\../include/writer.h(103): warning C4251: 'Json::StyledWriter::indentString_' : class 'std::basic_string<_Elem,_Traits,_Ax>' needs to have dll-interface to be used by clients of class 'Json::StyledWriter'
          with
          [
              _Elem=char,
              _Traits=std::char_traits<char>,
              _Ax=std::allocator<char>
          ]
z:\documents\gameapi-cpp\playtomic\json\src\../include/writer.h(159): warning C4251: 'Json::StyledStreamWriter::childValues_' : class 'std::vector<_Ty>' needs to have dll-interface to be used by clients of class 'Json::StyledStreamWriter'
          with
          [
              _Ty=std::string
          ]
z:\documents\gameapi-cpp\playtomic\json\src\../include/writer.h(161): warning C4251: 'Json::StyledStreamWriter::indentString_' : class 'std::basic_string<_Elem,_Traits,_Ax>' needs to have dll-interface to be used by clients of class 'Json::StyledStreamWriter'
          with
          [
              _Elem=char,
              _Traits=std::char_traits<char>,
              _Ax=std::allocator<char>
          ]
z:\documents\gameapi-cpp\playtomic\json\src\../include/writer.h(163): warning C4251: 'Json::StyledStreamWriter::indentation_' : class 'std::basic_string<_Elem,_Traits,_Ax>' needs to have dll-interface to be used by clients of class 'Json::StyledStreamWriter'
          with
          [
              _Elem=char,
              _Traits=std::char_traits<char>,
              _Ax=std::allocator<char>
          ]
  json_writer.cpp
z:\documents\gameapi-cpp\playtomic\json\src\../include/writer.h(50): warning C4251: 'Json::FastWriter::document_' : class 'std::basic_string<_Elem,_Traits,_Ax>' needs to have dll-interface to be used by clients of class 'Json::FastWriter'
          with
          [
              _Elem=char,
              _Traits=std::char_traits<char>,
              _Ax=std::allocator<char>
          ]
z:\documents\gameapi-cpp\playtomic\json\src\../include/writer.h(101): warning C4251: 'Json::StyledWriter::childValues_' : class 'std::vector<_Ty>' needs to have dll-interface to be used by clients of class 'Json::StyledWriter'
          with
          [
              _Ty=std::string
          ]
z:\documents\gameapi-cpp\playtomic\json\src\../include/writer.h(102): warning C4251: 'Json::StyledWriter::document_' : class 'std::basic_string<_Elem,_Traits,_Ax>' needs to have dll-interface to be used by clients of class 'Json::StyledWriter'
          with
          [
              _Elem=char,
              _Traits=std::char_traits<char>,
              _Ax=std::allocator<char>
          ]
z:\documents\gameapi-cpp\playtomic\json\src\../include/writer.h(103): warning C4251: 'Json::StyledWriter::indentString_' : class 'std::basic_string<_Elem,_Traits,_Ax>' needs to have dll-interface to be used by clients of class 'Json::StyledWriter'
          with
          [
              _Elem=char,
              _Traits=std::char_traits<char>,
              _Ax=std::allocator<char>
          ]
z:\documents\gameapi-cpp\playtomic\json\src\../include/writer.h(159): warning C4251: 'Json::StyledStreamWriter::childValues_' : class 'std::vector<_Ty>' needs to have dll-interface to be used by clients of class 'Json::StyledStreamWriter'
          with
          [
              _Ty=std::string
          ]
z:\documents\gameapi-cpp\playtomic\json\src\../include/writer.h(161): warning C4251: 'Json::StyledStreamWriter::indentString_' : class 'std::basic_string<_Elem,_Traits,_Ax>' needs to have dll-interface to be used by clients of class 'Json::StyledStreamWriter'
          with
          [
              _Elem=char,
              _Traits=std::char_traits<char>,
              _Ax=std::allocator<char>
          ]
z:\documents\gameapi-cpp\playtomic\json\src\../include/writer.h(163): warning C4251: 'Json::StyledStreamWriter::indentation_' : class 'std::basic_string<_Elem,_Traits,_Ax>' needs to have dll-interface to be used by clients of class 'Json::StyledStreamWriter'
          with
          [
              _Elem=char,
              _Traits=std::char_traits<char>,
              _Ax=std::allocator<char>
          ]
  MD5.cpp
..\Tools\MD5.cpp(342): warning C4996: 'sprintf': This function or variable may be unsafe. Consider using sprintf_s instead. To disable deprecation, use _CRT_SECURE_NO_WARNINGS. See online help for details.
          C:\Program Files (x86)\Microsoft Visual Studio 10.0\VC\include\stdio.h(371) : see declaration of 'sprintf'
  StringHelper.cpp
  timer.cpp
  CData.cpp
z:\documents\gameapi-cpp\playtomic\playtomic\CPlaytomic.h(55): warning C4251: 'Playtomic::CPlaytomic::mGameGuid' : class 'std::basic_string<_Elem,_Traits,_Ax>' needs to have dll-interface to be used by clients of class 'Playtomic::CPlaytomic'
          with
          [
              _Elem=char,
              _Traits=std::char_traits<char>,
              _Ax=std::allocator<char>
          ]
z:\documents\gameapi-cpp\playtomic\playtomic\CPlaytomic.h(56): warning C4251: 'Playtomic::CPlaytomic::mSourceUrl' : class 'std::basic_string<_Elem,_Traits,_Ax>' needs to have dll-interface to be used by clients of class 'Playtomic::CPlaytomic'
          with
          [
              _Elem=char,
              _Traits=std::char_traits<char>,
              _Ax=std::allocator<char>
          ]
z:\documents\gameapi-cpp\playtomic\playtomic\CPlaytomic.h(57): warning C4251: 'Playtomic::CPlaytomic::mBaseUrl' : class 'std::basic_string<_Elem,_Traits,_Ax>' needs to have dll-interface to be used by clients of class 'Playtomic::CPlaytomic'
          with
          [
              _Elem=char,
              _Traits=std::char_traits<char>,
              _Ax=std::allocator<char>
          ]
  CGameVars.cpp
z:\documents\gameapi-cpp\playtomic\playtomic\CPlaytomic.h(55): warning C4251: 'Playtomic::CPlaytomic::mGameGuid' : class 'std::basic_string<_Elem,_Traits,_Ax>' needs to have dll-interface to be used by clients of class 'Playtomic::CPlaytomic'
          with
          [
              _Elem=char,
              _Traits=std::char_traits<char>,
              _Ax=std::allocator<char>
          ]
z:\documents\gameapi-cpp\playtomic\playtomic\CPlaytomic.h(56): warning C4251: 'Playtomic::CPlaytomic::mSourceUrl' : class 'std::basic_string<_Elem,_Traits,_Ax>' needs to have dll-interface to be used by clients of class 'Playtomic::CPlaytomic'
          with
          [
              _Elem=char,
              _Traits=std::char_traits<char>,
              _Ax=std::allocator<char>
          ]
z:\documents\gameapi-cpp\playtomic\playtomic\CPlaytomic.h(57): warning C4251: 'Playtomic::CPlaytomic::mBaseUrl' : class 'std::basic_string<_Elem,_Traits,_Ax>' needs to have dll-interface to be used by clients of class 'Playtomic::CPlaytomic'
          with
          [
              _Elem=char,
              _Traits=std::char_traits<char>,
              _Ax=std::allocator<char>
          ]
  CGeoIp.cpp
z:\documents\gameapi-cpp\playtomic\playtomic\CPlaytomic.h(55): warning C4251: 'Playtomic::CPlaytomic::mGameGuid' : class 'std::basic_string<_Elem,_Traits,_Ax>' needs to have dll-interface to be used by clients of class 'Playtomic::CPlaytomic'
          with
          [
              _Elem=char,
              _Traits=std::char_traits<char>,
              _Ax=std::allocator<char>
          ]
z:\documents\gameapi-cpp\playtomic\playtomic\CPlaytomic.h(56): warning C4251: 'Playtomic::CPlaytomic::mSourceUrl' : class 'std::basic_string<_Elem,_Traits,_Ax>' needs to have dll-interface to be used by clients of class 'Playtomic::CPlaytomic'
          with
          [
              _Elem=char,
              _Traits=std::char_traits<char>,
              _Ax=std::allocator<char>
          ]
z:\documents\gameapi-cpp\playtomic\playtomic\CPlaytomic.h(57): warning C4251: 'Playtomic::CPlaytomic::mBaseUrl' : class 'std::basic_string<_Elem,_Traits,_Ax>' needs to have dll-interface to be used by clients of class 'Playtomic::CPlaytomic'
          with
          [
              _Elem=char,
              _Traits=std::char_traits<char>,
              _Ax=std::allocator<char>
          ]
  CLeaderboard.cpp
z:\documents\gameapi-cpp\playtomic\playtomic\CScore.h(30): warning C4251: 'Playtomic::CScore::mName' : class 'std::basic_string<_Elem,_Traits,_Ax>' needs to have dll-interface to be used by clients of class 'Playtomic::CScore'
          with
          [
              _Elem=char,
              _Traits=std::char_traits<char>,
              _Ax=std::allocator<char>
          ]
z:\documents\gameapi-cpp\playtomic\playtomic\CScore.h(33): warning C4251: 'Playtomic::CScore::mRelativeDate' : class 'std::basic_string<_Elem,_Traits,_Ax>' needs to have dll-interface to be used by clients of class 'Playtomic::CScore'
          with
          [
              _Elem=char,
              _Traits=std::char_traits<char>,
              _Ax=std::allocator<char>
          ]
z:\documents\gameapi-cpp\playtomic\playtomic\CScore.h(34): warning C4251: 'Playtomic::CScore::mCustomData' : class 'std::map<_Kty,_Ty>' needs to have dll-interface to be used by clients of class 'Playtomic::CScore'
          with
          [
              _Kty=std::string,
              _Ty=std::string
          ]
z:\documents\gameapi-cpp\playtomic\playtomic\CPlaytomic.h(55): warning C4251: 'Playtomic::CPlaytomic::mGameGuid' : class 'std::basic_string<_Elem,_Traits,_Ax>' needs to have dll-interface to be used by clients of class 'Playtomic::CPlaytomic'
          with
          [
              _Elem=char,
              _Traits=std::char_traits<char>,
              _Ax=std::allocator<char>
          ]
z:\documents\gameapi-cpp\playtomic\playtomic\CPlaytomic.h(56): warning C4251: 'Playtomic::CPlaytomic::mSourceUrl' : class 'std::basic_string<_Elem,_Traits,_Ax>' needs to have dll-interface to be used by clients of class 'Playtomic::CPlaytomic'
          with
          [
              _Elem=char,
              _Traits=std::char_traits<char>,
              _Ax=std::allocator<char>
          ]
z:\documents\gameapi-cpp\playtomic\playtomic\CPlaytomic.h(57): warning C4251: 'Playtomic::CPlaytomic::mBaseUrl' : class 'std::basic_string<_Elem,_Traits,_Ax>' needs to have dll-interface to be used by clients of class 'Playtomic::CPlaytomic'
          with
          [
              _Elem=char,
              _Traits=std::char_traits<char>,
              _Ax=std::allocator<char>
          ]
  CLevel.cpp
z:\documents\gameapi-cpp\playtomic\playtomic\CLevel.h(42): warning C4251: 'Playtomic::CLevel::mLevelId' : class 'std::basic_string<_Elem,_Traits,_Ax>' needs to have dll-interface to be used by clients of class 'Playtomic::CLevel'
          with
          [
              _Elem=char,
              _Traits=std::char_traits<char>,
              _Ax=std::allocator<char>
          ]
z:\documents\gameapi-cpp\playtomic\playtomic\CLevel.h(43): warning C4251: 'Playtomic::CLevel::mPlayerId' : class 'std::basic_string<_Elem,_Traits,_Ax>' needs to have dll-interface to be used by clients of class 'Playtomic::CLevel'
          with
          [
              _Elem=char,
              _Traits=std::char_traits<char>,
              _Ax=std::allocator<char>
          ]
z:\documents\gameapi-cpp\playtomic\playtomic\CLevel.h(44): warning C4251: 'Playtomic::CLevel::mPlayerName' : class 'std::basic_string<_Elem,_Traits,_Ax>' needs to have dll-interface to be used by clients of class 'Playtomic::CLevel'
          with
          [
              _Elem=char,
              _Traits=std::char_traits<char>,
              _Ax=std::allocator<char>
          ]
z:\documents\gameapi-cpp\playtomic\playtomic\CLevel.h(45): warning C4251: 'Playtomic::CLevel::mPlayerSource' : class 'std::basic_string<_Elem,_Traits,_Ax>' needs to have dll-interface to be used by clients of class 'Playtomic::CLevel'
          with
          [
              _Elem=char,
              _Traits=std::char_traits<char>,
              _Ax=std::allocator<char>
          ]
z:\documents\gameapi-cpp\playtomic\playtomic\CLevel.h(46): warning C4251: 'Playtomic::CLevel::mName' : class 'std::basic_string<_Elem,_Traits,_Ax>' needs to have dll-interface to be used by clients of class 'Playtomic::CLevel'
          with
          [
              _Elem=char,
              _Traits=std::char_traits<char>,
              _Ax=std::allocator<char>
          ]
z:\documents\gameapi-cpp\playtomic\playtomic\CLevel.h(47): warning C4251: 'Playtomic::CLevel::mData' : class 'std::basic_string<_Elem,_Traits,_Ax>' needs to have dll-interface to be used by clients of class 'Playtomic::CLevel'
          with
          [
              _Elem=char,
              _Traits=std::char_traits<char>,
              _Ax=std::allocator<char>
          ]
z:\documents\gameapi-cpp\playtomic\playtomic\CLevel.h(48): warning C4251: 'Playtomic::CLevel::mThum' : class 'std::basic_string<_Elem,_Traits,_Ax>' needs to have dll-interface to be used by clients of class 'Playtomic::CLevel'
          with
          [
              _Elem=char,
              _Traits=std::char_traits<char>,
              _Ax=std::allocator<char>
          ]
z:\documents\gameapi-cpp\playtomic\playtomic\CLevel.h(54): warning C4251: 'Playtomic::CLevel::mRelativeDate' : class 'std::basic_string<_Elem,_Traits,_Ax>' needs to have dll-interface to be used by clients of class 'Playtomic::CLevel'
          with
          [
              _Elem=char,
              _Traits=std::char_traits<char>,
              _Ax=std::allocator<char>
          ]
z:\documents\gameapi-cpp\playtomic\playtomic\CLevel.h(55): warning C4251: 'Playtomic::CLevel::mCustomData' : class 'std::map<_Kty,_Ty>' needs to have dll-interface to be used by clients of class 'Playtomic::CLevel'
          with
          [
              _Kty=std::string,
              _Ty=std::string
          ]
  CLink.cpp
z:\documents\gameapi-cpp\playtomic\playtomic\CLink.h(15): warning C4251: 'Playtomic::CLink::mClick' : class 'std::map<_Kty,_Ty>' needs to have dll-interface to be used by clients of class 'Playtomic::CLink'
          with
          [
              _Kty=std::string,
              _Ty=int
          ]
z:\documents\gameapi-cpp\playtomic\playtomic\CPlaytomic.h(55): warning C4251: 'Playtomic::CPlaytomic::mGameGuid' : class 'std::basic_string<_Elem,_Traits,_Ax>' needs to have dll-interface to be used by clients of class 'Playtomic::CPlaytomic'
          with
          [
              _Elem=char,
              _Traits=std::char_traits<char>,
              _Ax=std::allocator<char>
          ]
z:\documents\gameapi-cpp\playtomic\playtomic\CPlaytomic.h(56): warning C4251: 'Playtomic::CPlaytomic::mSourceUrl' : class 'std::basic_string<_Elem,_Traits,_Ax>' needs to have dll-interface to be used by clients of class 'Playtomic::CPlaytomic'
          with
          [
              _Elem=char,
              _Traits=std::char_traits<char>,
              _Ax=std::allocator<char>
          ]
z:\documents\gameapi-cpp\playtomic\playtomic\CPlaytomic.h(57): warning C4251: 'Playtomic::CPlaytomic::mBaseUrl' : class 'std::basic_string<_Elem,_Traits,_Ax>' needs to have dll-interface to be used by clients of class 'Playtomic::CPlaytomic'
          with
          [
              _Elem=char,
              _Traits=std::char_traits<char>,
              _Ax=std::allocator<char>
          ]
z:\documents\gameapi-cpp\playtomic\playtomic\CLog.h(63): warning C4251: 'Playtomic::CLog::mTrackUrl' : class 'std::basic_string<_Elem,_Traits,_Ax>' needs to have dll-interface to be used by clients of class 'Playtomic::CLog'
          with
          [
              _Elem=char,
              _Traits=std::char_traits<char>,
              _Ax=std::allocator<char>
          ]
z:\documents\gameapi-cpp\playtomic\playtomic\CLog.h(64): warning C4251: 'Playtomic::CLog::mSourceUrl' : class 'std::basic_string<_Elem,_Traits,_Ax>' needs to have dll-interface to be used by clients of class 'Playtomic::CLog'
          with
          [
              _Elem=char,
              _Traits=std::char_traits<char>,
              _Ax=std::allocator<char>
          ]
z:\documents\gameapi-cpp\playtomic\playtomic\CLog.h(65): warning C4251: 'Playtomic::CLog::mBaseUrl' : class 'std::basic_string<_Elem,_Traits,_Ax>' needs to have dll-interface to be used by clients of class 'Playtomic::CLog'
          with
          [
              _Elem=char,
              _Traits=std::char_traits<char>,
              _Ax=std::allocator<char>
          ]
z:\documents\gameapi-cpp\playtomic\playtomic\CLog.h(68): warning C4251: 'Playtomic::CLog::mTimer' : class 'CTimer' needs to have dll-interface to be used by clients of class 'Playtomic::CLog'
          z:\documents\gameapi-cpp\playtomic\playtomic\../Tools/timer.h(15) : see declaration of 'CTimer'
z:\documents\gameapi-cpp\playtomic\playtomic\CLog.h(73): warning C4251: 'Playtomic::CLog::mQueue' : class 'std::list<_Ty>' needs to have dll-interface to be used by clients of class 'Playtomic::CLog'
          with
          [
              _Ty=std::string
          ]
z:\documents\gameapi-cpp\playtomic\playtomic\CLog.h(74): warning C4251: 'Playtomic::CLog::mCustomMetrics' : class 'std::list<_Ty>' needs to have dll-interface to be used by clients of class 'Playtomic::CLog'
          with
          [
              _Ty=std::string
          ]
z:\documents\gameapi-cpp\playtomic\playtomic\CLog.h(75): warning C4251: 'Playtomic::CLog::mLevelCounters' : class 'std::list<_Ty>' needs to have dll-interface to be used by clients of class 'Playtomic::CLog'
          with
          [
              _Ty=std::string
          ]
z:\documents\gameapi-cpp\playtomic\playtomic\CLog.h(76): warning C4251: 'Playtomic::CLog::mLevelAverages' : class 'std::list<_Ty>' needs to have dll-interface to be used by clients of class 'Playtomic::CLog'
          with
          [
              _Ty=std::string
          ]
z:\documents\gameapi-cpp\playtomic\playtomic\CLog.h(77): warning C4251: 'Playtomic::CLog::mlevelRangeds' : class 'std::list<_Ty>' needs to have dll-interface to be used by clients of class 'Playtomic::CLog'
          with
          [
              _Ty=std::string
          ]
  CLog.cpp
z:\documents\gameapi-cpp\playtomic\playtomic\CLog.h(63): warning C4251: 'Playtomic::CLog::mTrackUrl' : class 'std::basic_string<_Elem,_Traits,_Ax>' needs to have dll-interface to be used by clients of class 'Playtomic::CLog'
          with
          [
              _Elem=char,
              _Traits=std::char_traits<char>,
              _Ax=std::allocator<char>
          ]
z:\documents\gameapi-cpp\playtomic\playtomic\CLog.h(64): warning C4251: 'Playtomic::CLog::mSourceUrl' : class 'std::basic_string<_Elem,_Traits,_Ax>' needs to have dll-interface to be used by clients of class 'Playtomic::CLog'
          with
          [
              _Elem=char,
              _Traits=std::char_traits<char>,
              _Ax=std::allocator<char>
          ]
z:\documents\gameapi-cpp\playtomic\playtomic\CLog.h(65): warning C4251: 'Playtomic::CLog::mBaseUrl' : class 'std::basic_string<_Elem,_Traits,_Ax>' needs to have dll-interface to be used by clients of class 'Playtomic::CLog'
          with
          [
              _Elem=char,
              _Traits=std::char_traits<char>,
              _Ax=std::allocator<char>
          ]
z:\documents\gameapi-cpp\playtomic\playtomic\CLog.h(68): warning C4251: 'Playtomic::CLog::mTimer' : class 'CTimer' needs to have dll-interface to be used by clients of class 'Playtomic::CLog'
          z:\documents\gameapi-cpp\playtomic\playtomic\../Tools/timer.h(15) : see declaration of 'CTimer'
z:\documents\gameapi-cpp\playtomic\playtomic\CLog.h(73): warning C4251: 'Playtomic::CLog::mQueue' : class 'std::list<_Ty>' needs to have dll-interface to be used by clients of class 'Playtomic::CLog'
          with
          [
              _Ty=std::string
          ]
z:\documents\gameapi-cpp\playtomic\playtomic\CLog.h(74): warning C4251: 'Playtomic::CLog::mCustomMetrics' : class 'std::list<_Ty>' needs to have dll-interface to be used by clients of class 'Playtomic::CLog'
          with
          [
              _Ty=std::string
          ]
z:\documents\gameapi-cpp\playtomic\playtomic\CLog.h(75): warning C4251: 'Playtomic::CLog::mLevelCounters' : class 'std::list<_Ty>' needs to have dll-interface to be used by clients of class 'Playtomic::CLog'
          with
          [
              _Ty=std::string
          ]
z:\documents\gameapi-cpp\playtomic\playtomic\CLog.h(76): warning C4251: 'Playtomic::CLog::mLevelAverages' : class 'std::list<_Ty>' needs to have dll-interface to be used by clients of class 'Playtomic::CLog'
          with
          [
              _Ty=std::string
          ]
z:\documents\gameapi-cpp\playtomic\playtomic\CLog.h(77): warning C4251: 'Playtomic::CLog::mlevelRangeds' : class 'std::list<_Ty>' needs to have dll-interface to be used by clients of class 'Playtomic::CLog'
          with
          [
              _Ty=std::string
          ]
z:\documents\gameapi-cpp\playtomic\playtomic\CPlaytomic.h(55): warning C4251: 'Playtomic::CPlaytomic::mGameGuid' : class 'std::basic_string<_Elem,_Traits,_Ax>' needs to have dll-interface to be used by clients of class 'Playtomic::CPlaytomic'
          with
          [
              _Elem=char,
              _Traits=std::char_traits<char>,
              _Ax=std::allocator<char>
          ]
z:\documents\gameapi-cpp\playtomic\playtomic\CPlaytomic.h(56): warning C4251: 'Playtomic::CPlaytomic::mSourceUrl' : class 'std::basic_string<_Elem,_Traits,_Ax>' needs to have dll-interface to be used by clients of class 'Playtomic::CPlaytomic'
          with
          [
              _Elem=char,
              _Traits=std::char_traits<char>,
              _Ax=std::allocator<char>
          ]
z:\documents\gameapi-cpp\playtomic\playtomic\CPlaytomic.h(57): warning C4251: 'Playtomic::CPlaytomic::mBaseUrl' : class 'std::basic_string<_Elem,_Traits,_Ax>' needs to have dll-interface to be used by clients of class 'Playtomic::CPlaytomic'
          with
          [
              _Elem=char,
              _Traits=std::char_traits<char>,
              _Ax=std::allocator<char>
          ]
z:\documents\gameapi-cpp\playtomic\playtomic\CLogRequest.h(23): warning C4251: 'Playtomic::CLogRequest::mData' : class 'std::basic_string<_Elem,_Traits,_Ax>' needs to have dll-interface to be used by clients of class 'Playtomic::CLogRequest'
          with
          [
              _Elem=char,
              _Traits=std::char_traits<char>,
              _Ax=std::allocator<char>
          ]
z:\documents\gameapi-cpp\playtomic\playtomic\CLogRequest.h(24): warning C4251: 'Playtomic::CLogRequest::mTrackUrl' : class 'std::basic_string<_Elem,_Traits,_Ax>' needs to have dll-interface to be used by clients of class 'Playtomic::CLogRequest'
          with
          [
              _Elem=char,
              _Traits=std::char_traits<char>,
              _Ax=std::allocator<char>
          ]
  CLogRequest.cpp
z:\documents\gameapi-cpp\playtomic\playtomic\CLogRequest.h(23): warning C4251: 'Playtomic::CLogRequest::mData' : class 'std::basic_string<_Elem,_Traits,_Ax>' needs to have dll-interface to be used by clients of class 'Playtomic::CLogRequest'
          with
          [
              _Elem=char,
              _Traits=std::char_traits<char>,
              _Ax=std::allocator<char>
          ]
z:\documents\gameapi-cpp\playtomic\playtomic\CLogRequest.h(24): warning C4251: 'Playtomic::CLogRequest::mTrackUrl' : class 'std::basic_string<_Elem,_Traits,_Ax>' needs to have dll-interface to be used by clients of class 'Playtomic::CLogRequest'
          with
          [
              _Elem=char,
              _Traits=std::char_traits<char>,
              _Ax=std::allocator<char>
          ]
  CPlayerLevels.cpp
z:\documents\gameapi-cpp\playtomic\playtomic\CLevel.h(42): warning C4251: 'Playtomic::CLevel::mLevelId' : class 'std::basic_string<_Elem,_Traits,_Ax>' needs to have dll-interface to be used by clients of class 'Playtomic::CLevel'
          with
          [
              _Elem=char,
              _Traits=std::char_traits<char>,
              _Ax=std::allocator<char>
          ]
z:\documents\gameapi-cpp\playtomic\playtomic\CLevel.h(43): warning C4251: 'Playtomic::CLevel::mPlayerId' : class 'std::basic_string<_Elem,_Traits,_Ax>' needs to have dll-interface to be used by clients of class 'Playtomic::CLevel'
          with
          [
              _Elem=char,
              _Traits=std::char_traits<char>,
              _Ax=std::allocator<char>
          ]
z:\documents\gameapi-cpp\playtomic\playtomic\CLevel.h(44): warning C4251: 'Playtomic::CLevel::mPlayerName' : class 'std::basic_string<_Elem,_Traits,_Ax>' needs to have dll-interface to be used by clients of class 'Playtomic::CLevel'
          with
          [
              _Elem=char,
              _Traits=std::char_traits<char>,
              _Ax=std::allocator<char>
          ]
z:\documents\gameapi-cpp\playtomic\playtomic\CLevel.h(45): warning C4251: 'Playtomic::CLevel::mPlayerSource' : class 'std::basic_string<_Elem,_Traits,_Ax>' needs to have dll-interface to be used by clients of class 'Playtomic::CLevel'
          with
          [
              _Elem=char,
              _Traits=std::char_traits<char>,
              _Ax=std::allocator<char>
          ]
z:\documents\gameapi-cpp\playtomic\playtomic\CLevel.h(46): warning C4251: 'Playtomic::CLevel::mName' : class 'std::basic_string<_Elem,_Traits,_Ax>' needs to have dll-interface to be used by clients of class 'Playtomic::CLevel'
          with
          [
              _Elem=char,
              _Traits=std::char_traits<char>,
              _Ax=std::allocator<char>
          ]
z:\documents\gameapi-cpp\playtomic\playtomic\CLevel.h(47): warning C4251: 'Playtomic::CLevel::mData' : class 'std::basic_string<_Elem,_Traits,_Ax>' needs to have dll-interface to be used by clients of class 'Playtomic::CLevel'
          with
          [
              _Elem=char,
              _Traits=std::char_traits<char>,
              _Ax=std::allocator<char>
          ]
z:\documents\gameapi-cpp\playtomic\playtomic\CLevel.h(48): warning C4251: 'Playtomic::CLevel::mThum' : class 'std::basic_string<_Elem,_Traits,_Ax>' needs to have dll-interface to be used by clients of class 'Playtomic::CLevel'
          with
          [
              _Elem=char,
              _Traits=std::char_traits<char>,
              _Ax=std::allocator<char>
          ]
z:\documents\gameapi-cpp\playtomic\playtomic\CLevel.h(54): warning C4251: 'Playtomic::CLevel::mRelativeDate' : class 'std::basic_string<_Elem,_Traits,_Ax>' needs to have dll-interface to be used by clients of class 'Playtomic::CLevel'
          with
          [
              _Elem=char,
              _Traits=std::char_traits<char>,
              _Ax=std::allocator<char>
          ]
z:\documents\gameapi-cpp\playtomic\playtomic\CLevel.h(55): warning C4251: 'Playtomic::CLevel::mCustomData' : class 'std::map<_Kty,_Ty>' needs to have dll-interface to be used by clients of class 'Playtomic::CLevel'
          with
          [
              _Kty=std::string,
              _Ty=std::string
          ]
z:\documents\gameapi-cpp\playtomic\playtomic\CPlayerLevels.h(61): warning C4251: 'Playtomic::CPlaytomicPlayerLevels::mLevelId' : class 'std::basic_string<_Elem,_Traits,_Ax>' needs to have dll-interface to be used by clients of class 'Playtomic::CPlaytomicPlayerLevels'
          with
          [
              _Elem=char,
              _Traits=std::char_traits<char>,
              _Ax=std::allocator<char>
          ]
z:\documents\gameapi-cpp\playtomic\playtomic\CPlaytomic.h(55): warning C4251: 'Playtomic::CPlaytomic::mGameGuid' : class 'std::basic_string<_Elem,_Traits,_Ax>' needs to have dll-interface to be used by clients of class 'Playtomic::CPlaytomic'
          with
          [
              _Elem=char,
              _Traits=std::char_traits<char>,
              _Ax=std::allocator<char>
          ]
z:\documents\gameapi-cpp\playtomic\playtomic\CPlaytomic.h(56): warning C4251: 'Playtomic::CPlaytomic::mSourceUrl' : class 'std::basic_string<_Elem,_Traits,_Ax>' needs to have dll-interface to be used by clients of class 'Playtomic::CPlaytomic'
          with
          [
              _Elem=char,
              _Traits=std::char_traits<char>,
              _Ax=std::allocator<char>
          ]
z:\documents\gameapi-cpp\playtomic\playtomic\CPlaytomic.h(57): warning C4251: 'Playtomic::CPlaytomic::mBaseUrl' : class 'std::basic_string<_Elem,_Traits,_Ax>' needs to have dll-interface to be used by clients of class 'Playtomic::CPlaytomic'
          with
          [
              _Elem=char,
              _Traits=std::char_traits<char>,
              _Ax=std::allocator<char>
          ]
  CPlaytomic.cpp
z:\documents\gameapi-cpp\playtomic\playtomic\CPlaytomic.h(55): warning C4251: 'Playtomic::CPlaytomic::mGameGuid' : class 'std::basic_string<_Elem,_Traits,_Ax>' needs to have dll-interface to be used by clients of class 'Playtomic::CPlaytomic'
          with
          [
              _Elem=char,
              _Traits=std::char_traits<char>,
              _Ax=std::allocator<char>
          ]
z:\documents\gameapi-cpp\playtomic\playtomic\CPlaytomic.h(56): warning C4251: 'Playtomic::CPlaytomic::mSourceUrl' : class 'std::basic_string<_Elem,_Traits,_Ax>' needs to have dll-interface to be used by clients of class 'Playtomic::CPlaytomic'
          with
          [
              _Elem=char,
              _Traits=std::char_traits<char>,
              _Ax=std::allocator<char>
          ]
z:\documents\gameapi-cpp\playtomic\playtomic\CPlaytomic.h(57): warning C4251: 'Playtomic::CPlaytomic::mBaseUrl' : class 'std::basic_string<_Elem,_Traits,_Ax>' needs to have dll-interface to be used by clients of class 'Playtomic::CPlaytomic'
          with
          [
              _Elem=char,
              _Traits=std::char_traits<char>,
              _Ax=std::allocator<char>
          ]
z:\documents\gameapi-cpp\playtomic\playtomic\CLog.h(63): warning C4251: 'Playtomic::CLog::mTrackUrl' : class 'std::basic_string<_Elem,_Traits,_Ax>' needs to have dll-interface to be used by clients of class 'Playtomic::CLog'
          with
          [
              _Elem=char,
              _Traits=std::char_traits<char>,
              _Ax=std::allocator<char>
          ]
z:\documents\gameapi-cpp\playtomic\playtomic\CLog.h(64): warning C4251: 'Playtomic::CLog::mSourceUrl' : class 'std::basic_string<_Elem,_Traits,_Ax>' needs to have dll-interface to be used by clients of class 'Playtomic::CLog'
          with
          [
              _Elem=char,
              _Traits=std::char_traits<char>,
              _Ax=std::allocator<char>
          ]
z:\documents\gameapi-cpp\playtomic\playtomic\CLog.h(65): warning C4251: 'Playtomic::CLog::mBaseUrl' : class 'std::basic_string<_Elem,_Traits,_Ax>' needs to have dll-interface to be used by clients of class 'Playtomic::CLog'
          with
          [
              _Elem=char,
              _Traits=std::char_traits<char>,
              _Ax=std::allocator<char>
          ]
z:\documents\gameapi-cpp\playtomic\playtomic\CLog.h(68): warning C4251: 'Playtomic::CLog::mTimer' : class 'CTimer' needs to have dll-interface to be used by clients of class 'Playtomic::CLog'
          z:\documents\gameapi-cpp\playtomic\playtomic\../Tools/timer.h(15) : see declaration of 'CTimer'
z:\documents\gameapi-cpp\playtomic\playtomic\CLog.h(73): warning C4251: 'Playtomic::CLog::mQueue' : class 'std::list<_Ty>' needs to have dll-interface to be used by clients of class 'Playtomic::CLog'
          with
          [
              _Ty=std::string
          ]
z:\documents\gameapi-cpp\playtomic\playtomic\CLog.h(74): warning C4251: 'Playtomic::CLog::mCustomMetrics' : class 'std::list<_Ty>' needs to have dll-interface to be used by clients of class 'Playtomic::CLog'
          with
          [
              _Ty=std::string
          ]
z:\documents\gameapi-cpp\playtomic\playtomic\CLog.h(75): warning C4251: 'Playtomic::CLog::mLevelCounters' : class 'std::list<_Ty>' needs to have dll-interface to be used by clients of class 'Playtomic::CLog'
          with
          [
              _Ty=std::string
          ]
z:\documents\gameapi-cpp\playtomic\playtomic\CLog.h(76): warning C4251: 'Playtomic::CLog::mLevelAverages' : class 'std::list<_Ty>' needs to have dll-interface to be used by clients of class 'Playtomic::CLog'
          with
          [
              _Ty=std::string
          ]
z:\documents\gameapi-cpp\playtomic\playtomic\CLog.h(77): warning C4251: 'Playtomic::CLog::mlevelRangeds' : class 'std::list<_Ty>' needs to have dll-interface to be used by clients of class 'Playtomic::CLog'
          with
          [
              _Ty=std::string
          ]
z:\documents\gameapi-cpp\playtomic\playtomic\CScore.h(30): warning C4251: 'Playtomic::CScore::mName' : class 'std::basic_string<_Elem,_Traits,_Ax>' needs to have dll-interface to be used by clients of class 'Playtomic::CScore'
          with
          [
              _Elem=char,
              _Traits=std::char_traits<char>,
              _Ax=std::allocator<char>
          ]
z:\documents\gameapi-cpp\playtomic\playtomic\CScore.h(33): warning C4251: 'Playtomic::CScore::mRelativeDate' : class 'std::basic_string<_Elem,_Traits,_Ax>' needs to have dll-interface to be used by clients of class 'Playtomic::CScore'
          with
          [
              _Elem=char,
              _Traits=std::char_traits<char>,
              _Ax=std::allocator<char>
          ]
z:\documents\gameapi-cpp\playtomic\playtomic\CScore.h(34): warning C4251: 'Playtomic::CScore::mCustomData' : class 'std::map<_Kty,_Ty>' needs to have dll-interface to be used by clients of class 'Playtomic::CScore'
          with
          [
              _Kty=std::string,
              _Ty=std::string
          ]
z:\documents\gameapi-cpp\playtomic\playtomic\CLevel.h(42): warning C4251: 'Playtomic::CLevel::mLevelId' : class 'std::basic_string<_Elem,_Traits,_Ax>' needs to have dll-interface to be used by clients of class 'Playtomic::CLevel'
          with
          [
              _Elem=char,
              _Traits=std::char_traits<char>,
              _Ax=std::allocator<char>
          ]
z:\documents\gameapi-cpp\playtomic\playtomic\CLevel.h(43): warning C4251: 'Playtomic::CLevel::mPlayerId' : class 'std::basic_string<_Elem,_Traits,_Ax>' needs to have dll-interface to be used by clients of class 'Playtomic::CLevel'
          with
          [
              _Elem=char,
              _Traits=std::char_traits<char>,
              _Ax=std::allocator<char>
          ]
z:\documents\gameapi-cpp\playtomic\playtomic\CLevel.h(44): warning C4251: 'Playtomic::CLevel::mPlayerName' : class 'std::basic_string<_Elem,_Traits,_Ax>' needs to have dll-interface to be used by clients of class 'Playtomic::CLevel'
          with
          [
              _Elem=char,
              _Traits=std::char_traits<char>,
              _Ax=std::allocator<char>
          ]
z:\documents\gameapi-cpp\playtomic\playtomic\CLevel.h(45): warning C4251: 'Playtomic::CLevel::mPlayerSource' : class 'std::basic_string<_Elem,_Traits,_Ax>' needs to have dll-interface to be used by clients of class 'Playtomic::CLevel'
          with
          [
              _Elem=char,
              _Traits=std::char_traits<char>,
              _Ax=std::allocator<char>
          ]
z:\documents\gameapi-cpp\playtomic\playtomic\CLevel.h(46): warning C4251: 'Playtomic::CLevel::mName' : class 'std::basic_string<_Elem,_Traits,_Ax>' needs to have dll-interface to be used by clients of class 'Playtomic::CLevel'
          with
          [
              _Elem=char,
              _Traits=std::char_traits<char>,
              _Ax=std::allocator<char>
          ]
z:\documents\gameapi-cpp\playtomic\playtomic\CLevel.h(47): warning C4251: 'Playtomic::CLevel::mData' : class 'std::basic_string<_Elem,_Traits,_Ax>' needs to have dll-interface to be used by clients of class 'Playtomic::CLevel'
          with
          [
              _Elem=char,
              _Traits=std::char_traits<char>,
              _Ax=std::allocator<char>
          ]
z:\documents\gameapi-cpp\playtomic\playtomic\CLevel.h(48): warning C4251: 'Playtomic::CLevel::mThum' : class 'std::basic_string<_Elem,_Traits,_Ax>' needs to have dll-interface to be used by clients of class 'Playtomic::CLevel'
          with
          [
              _Elem=char,
              _Traits=std::char_traits<char>,
              _Ax=std::allocator<char>
          ]
z:\documents\gameapi-cpp\playtomic\playtomic\CLevel.h(54): warning C4251: 'Playtomic::CLevel::mRelativeDate' : class 'std::basic_string<_Elem,_Traits,_Ax>' needs to have dll-interface to be used by clients of class 'Playtomic::CLevel'
          with
          [
              _Elem=char,
              _Traits=std::char_traits<char>,
              _Ax=std::allocator<char>
          ]
z:\documents\gameapi-cpp\playtomic\playtomic\CLevel.h(55): warning C4251: 'Playtomic::CLevel::mCustomData' : class 'std::map<_Kty,_Ty>' needs to have dll-interface to be used by clients of class 'Playtomic::CLevel'
          with
          [
              _Kty=std::string,
              _Ty=std::string
          ]
z:\documents\gameapi-cpp\playtomic\playtomic\CPlayerLevels.h(61): warning C4251: 'Playtomic::CPlaytomicPlayerLevels::mLevelId' : class 'std::basic_string<_Elem,_Traits,_Ax>' needs to have dll-interface to be used by clients of class 'Playtomic::CPlaytomicPlayerLevels'
          with
          [
              _Elem=char,
              _Traits=std::char_traits<char>,
              _Ax=std::allocator<char>
          ]
CPlaytomic.cpp(31): warning C4244: 'argument' : conversion from 'double' to 'float', possible loss of data
  Compiling...
  CScore.cpp
z:\documents\gameapi-cpp\playtomic\playtomic\CScore.h(30): warning C4251: 'Playtomic::CScore::mName' : class 'std::basic_string<_Elem,_Traits,_Ax>' needs to have dll-interface to be used by clients of class 'Playtomic::CScore'
          with
          [
              _Elem=char,
              _Traits=std::char_traits<char>,
              _Ax=std::allocator<char>
          ]
z:\documents\gameapi-cpp\playtomic\playtomic\CScore.h(33): warning C4251: 'Playtomic::CScore::mRelativeDate' : class 'std::basic_string<_Elem,_Traits,_Ax>' needs to have dll-interface to be used by clients of class 'Playtomic::CScore'
          with
          [
              _Elem=char,
              _Traits=std::char_traits<char>,
              _Ax=std::allocator<char>
          ]
z:\documents\gameapi-cpp\playtomic\playtomic\CScore.h(34): warning C4251: 'Playtomic::CScore::mCustomData' : class 'std::map<_Kty,_Ty>' needs to have dll-interface to be used by clients of class 'Playtomic::CScore'
          with
          [
              _Kty=std::string,
              _Ty=std::string
          ]
Link:
  C:\Program Files (x86)\Microsoft Visual Studio 10.0\VC\bin\link.exe /ERRORREPORT:PROMPT /OUT:"Z:\Documents\gameapi-cpp\Playtomic\DLLRelease\Playtomic.dll" /NOLOGO /LIBPATH:"Z:\Documents\gameapi-cpp\Playtomic\\currlib\lib\release" /LIBPATH:"Z:\Documents\gameapi-cpp\Playtomic\\Boost\lib\release" libcurl.lib winmm.lib ws2_32.lib wldap32.lib kernel32.lib user32.lib gdi32.lib winspool.lib comdlg32.lib advapi32.lib shell32.lib ole32.lib oleaut32.lib uuid.lib odbc32.lib odbccp32.lib /MANIFEST /ManifestFile:"DLLRelease\Playtomic.dll.intermediate.manifest" /MANIFESTUAC:"level='asInvoker' uiAccess='false'" /DEBUG /PDB:"Z:\Documents\gameapi-cpp\Playtomic\DLLRelease\Playtomic.pdb" /OPT:REF /OPT:ICF /LTCG /TLBID:1 /DYNAMICBASE /NXCOMPAT /IMPLIB:"Z:\Documents\gameapi-cpp\Playtomic\DLLRelease\Playtomic.lib" /MACHINE:X86 /DLL DLLRelease\CConnectionInterface.obj
  DLLRelease\CPlaytomicResponse.obj
  DLLRelease\CPost.obj
  DLLRelease\CRequest.obj
  DLLRelease\json_reader.obj
  DLLRelease\json_value.obj
  DLLRelease\json_writer.obj
  DLLRelease\MD5.obj
  DLLRelease\StringHelper.obj
  DLLRelease\timer.obj
  DLLRelease\CData.obj
  DLLRelease\CGameVars.obj
  DLLRelease\CGeoIp.obj
  DLLRelease\CLeaderboard.obj
  DLLRelease\CLevel.obj
  DLLRelease\CLink.obj
  DLLRelease\CLog.obj
  DLLRelease\CLogRequest.obj
  DLLRelease\CPlayerLevels.obj
  DLLRelease\CPlaytomic.obj
  DLLRelease\CScore.obj
     Creating library Z:\Documents\gameapi-cpp\Playtomic\DLLRelease\Playtomic.lib and object Z:\Documents\gameapi-cpp\Playtomic\DLLRelease\Playtomic.exp
  Generating code
  Finished generating code
  Playtomic.vcxproj -> Z:\Documents\gameapi-cpp\Playtomic\DLLRelease\Playtomic.dll
Manifest:
  C:\Program Files (x86)\Microsoft SDKs\Windows\v7.0A\bin\mt.exe /nologo /verbose /outputresource:"Z:\Documents\gameapi-cpp\Playtomic\DLLRelease\Playtomic.dll;#2" /manifest DLLRelease\Playtomic.dll.intermediate.manifest
FinalizeBuildStatus:
  Deleting file "DLLRelease\Playtomic.unsuccessfulbuild".
  Touching "DLLRelease\Playtomic.lastbuildstate".
Done Building Project "Z:\Documents\gameapi-cpp\Playtomic\Playtomic\Playtomic.vcxproj" (build target(s)).

Build succeeded.

Time Elapsed 00:01:08.88
